Partition Merge report for vgaInstructable
Fri Dec 11 16:03:26 2015
Quartus II 64-Bit Version 14.0.0 Build 200 06/17/2014 SJ Web Edition


---------------------
; Table of Contents ;
---------------------
  1. Legal Notice
  2. Partition Merge Summary
  3. Partition Merge Netlist Types Used
  4. Connections to In-System Debugging Instance "auto_signaltap_0"
  5. Partition Merge Partition Statistics
  6. Partition Merge Partition Pin Processing
  7. Partition Merge Resource Usage Summary
  8. Partition Merge RAM Summary
  9. Partition Merge Messages



----------------
; Legal Notice ;
----------------
Copyright (C) 1991-2014 Altera Corporation. All rights reserved.
Your use of Altera Corporation's design tools, logic functions 
and other software and tools, and its AMPP partner logic 
functions, and any output files from any of the foregoing 
(including device programming or simulation files), and any 
associated documentation or information are expressly subject 
to the terms and conditions of the Altera Program License 
Subscription Agreement, the Altera Quartus II License Agreement,
the Altera MegaCore Function License Agreement, or other 
applicable license agreement, including, without limitation, 
that your use is for the sole purpose of programming logic 
devices manufactured by Altera and sold by Altera or its 
authorized distributors.  Please refer to the applicable 
agreement for further details.



+---------------------------------------------------------------------------------+
; Partition Merge Summary                                                         ;
+------------------------------------+--------------------------------------------+
; Partition Merge Status             ; Successful - Fri Dec 11 16:03:26 2015      ;
; Quartus II 64-Bit Version          ; 14.0.0 Build 200 06/17/2014 SJ Web Edition ;
; Revision Name                      ; vgaInstructable                            ;
; Top-level Entity Name              ; simonSaysVGA                               ;
; Family                             ; Cyclone IV E                               ;
; Total logic elements               ; 1,271                                      ;
;     Total combinational functions  ; 923                                        ;
;     Dedicated logic registers      ; 797                                        ;
; Total registers                    ; 797                                        ;
; Total pins                         ; 35                                         ;
; Total virtual pins                 ; 0                                          ;
; Total memory bits                  ; 5,632                                      ;
; Embedded Multiplier 9-bit elements ; 0                                          ;
; Total PLLs                         ; 0                                          ;
+------------------------------------+--------------------------------------------+


+-------------------------------------------------------------------------------------------------------------------------------+
; Partition Merge Netlist Types Used                                                                                            ;
+--------------------------------+----------------+-------------------+------------------------+--------------------------------+
; Partition Name                 ; Partition Type ; Netlist Type Used ; Netlist Type Requested ; Partition Contents             ;
+--------------------------------+----------------+-------------------+------------------------+--------------------------------+
; Top                            ; User-created   ; Source File       ; Source File            ;                                ;
; sld_hub:auto_hub               ; Auto-generated ; Post-Synthesis    ; Post-Synthesis         ; sld_hub:auto_hub               ;
; sld_signaltap:auto_signaltap_0 ; Auto-generated ; Post-Synthesis    ; Post-Synthesis         ; sld_signaltap:auto_signaltap_0 ;
; hard_block:auto_generated_inst ; Auto-generated ; Source File       ; Source File            ; hard_block:auto_generated_inst ;
+--------------------------------+----------------+-------------------+------------------------+--------------------------------+


+-------------------------------------------------------------------------------------------------------------------------------------------------------+
; Connections to In-System Debugging Instance "auto_signaltap_0"                                                                                        ;
+----------------------+---------------+-----------+--------------------------------+-------------------+-------------------------------------+---------+
; Name                 ; Type          ; Status    ; Partition Name                 ; Netlist Type Used ; Actual Connection                   ; Details ;
+----------------------+---------------+-----------+--------------------------------+-------------------+-------------------------------------+---------+
; clk                  ; pre-synthesis ; connected ; Top                            ; post-synthesis    ; clk                                 ; N/A     ;
; rst                  ; pre-synthesis ; connected ; Top                            ; post-synthesis    ; rst                                 ; N/A     ;
; rst                  ; pre-synthesis ; connected ; Top                            ; post-synthesis    ; rst                                 ; N/A     ;
; S.L1PB               ; post-fitting  ; connected ; Top                            ; post-synthesis    ; S.L1PB                              ; N/A     ;
; S.L1PB               ; post-fitting  ; connected ; Top                            ; post-synthesis    ; S.L1PB                              ; N/A     ;
; S.L1PG               ; post-fitting  ; connected ; Top                            ; post-synthesis    ; S.L1PG                              ; N/A     ;
; S.L1PG               ; post-fitting  ; connected ; Top                            ; post-synthesis    ; S.L1PG                              ; N/A     ;
; S.L1PR               ; post-fitting  ; connected ; Top                            ; post-synthesis    ; S.L1PR                              ; N/A     ;
; S.L1PR               ; post-fitting  ; connected ; Top                            ; post-synthesis    ; S.L1PR                              ; N/A     ;
; S.L1PY               ; post-fitting  ; connected ; Top                            ; post-synthesis    ; S.L1PY                              ; N/A     ;
; S.L1PY               ; post-fitting  ; connected ; Top                            ; post-synthesis    ; S.L1PY                              ; N/A     ;
; S.L1S                ; post-fitting  ; connected ; Top                            ; post-synthesis    ; S.L1S                               ; N/A     ;
; S.L1S                ; post-fitting  ; connected ; Top                            ; post-synthesis    ; S.L1S                               ; N/A     ;
; S.L2PB               ; post-fitting  ; connected ; Top                            ; post-synthesis    ; S.L2PB                              ; N/A     ;
; S.L2PB               ; post-fitting  ; connected ; Top                            ; post-synthesis    ; S.L2PB                              ; N/A     ;
; S.L2PG               ; post-fitting  ; connected ; Top                            ; post-synthesis    ; S.L2PG                              ; N/A     ;
; S.L2PG               ; post-fitting  ; connected ; Top                            ; post-synthesis    ; S.L2PG                              ; N/A     ;
; S.L2PR               ; post-fitting  ; connected ; Top                            ; post-synthesis    ; S.L2PR                              ; N/A     ;
; S.L2PR               ; post-fitting  ; connected ; Top                            ; post-synthesis    ; S.L2PR                              ; N/A     ;
; S.L2PY               ; post-fitting  ; connected ; Top                            ; post-synthesis    ; S.L2PY                              ; N/A     ;
; S.L2PY               ; post-fitting  ; connected ; Top                            ; post-synthesis    ; S.L2PY                              ; N/A     ;
; S.L2S                ; post-fitting  ; connected ; Top                            ; post-synthesis    ; S.L2S                               ; N/A     ;
; S.L2S                ; post-fitting  ; connected ; Top                            ; post-synthesis    ; S.L2S                               ; N/A     ;
; S.L3PG               ; post-fitting  ; connected ; Top                            ; post-synthesis    ; S.L3PG                              ; N/A     ;
; S.L3PG               ; post-fitting  ; connected ; Top                            ; post-synthesis    ; S.L3PG                              ; N/A     ;
; S.L3PR               ; post-fitting  ; connected ; Top                            ; post-synthesis    ; S.L3PR                              ; N/A     ;
; S.L3PR               ; post-fitting  ; connected ; Top                            ; post-synthesis    ; S.L3PR                              ; N/A     ;
; S.L3PY               ; post-fitting  ; connected ; Top                            ; post-synthesis    ; S.L3PY                              ; N/A     ;
; S.L3PY               ; post-fitting  ; connected ; Top                            ; post-synthesis    ; S.L3PY                              ; N/A     ;
; S.L3S                ; post-fitting  ; connected ; Top                            ; post-synthesis    ; S.L3S                               ; N/A     ;
; S.L3S                ; post-fitting  ; connected ; Top                            ; post-synthesis    ; S.L3S                               ; N/A     ;
; S.RESET              ; post-fitting  ; connected ; Top                            ; post-synthesis    ; S.RESET                             ; N/A     ;
; S.RESET              ; post-fitting  ; connected ; Top                            ; post-synthesis    ; S.RESET                             ; N/A     ;
; S.START              ; post-fitting  ; connected ; Top                            ; post-synthesis    ; S.START                             ; N/A     ;
; S.START              ; post-fitting  ; connected ; Top                            ; post-synthesis    ; S.START                             ; N/A     ;
; S.WIN                ; post-fitting  ; connected ; Top                            ; post-synthesis    ; S.WIN                               ; N/A     ;
; S.WIN                ; post-fitting  ; connected ; Top                            ; post-synthesis    ; S.WIN                               ; N/A     ;
; auto_signaltap_0|gnd ; post-fitting  ; connected ; sld_signaltap:auto_signaltap_0 ; post-synthesis    ; sld_signaltap:auto_signaltap_0|~GND ; N/A     ;
; auto_signaltap_0|gnd ; post-fitting  ; connected ; sld_signaltap:auto_signaltap_0 ; post-synthesis    ; sld_signaltap:auto_signaltap_0|~GND ; N/A     ;
; auto_signaltap_0|gnd ; post-fitting  ; connected ; sld_signaltap:auto_signaltap_0 ; post-synthesis    ; sld_signaltap:auto_signaltap_0|~GND ; N/A     ;
; auto_signaltap_0|gnd ; post-fitting  ; connected ; sld_signaltap:auto_signaltap_0 ; post-synthesis    ; sld_signaltap:auto_signaltap_0|~GND ; N/A     ;
; auto_signaltap_0|gnd ; post-fitting  ; connected ; sld_signaltap:auto_signaltap_0 ; post-synthesis    ; sld_signaltap:auto_signaltap_0|~GND ; N/A     ;
; auto_signaltap_0|gnd ; post-fitting  ; connected ; sld_signaltap:auto_signaltap_0 ; post-synthesis    ; sld_signaltap:auto_signaltap_0|~GND ; N/A     ;
; auto_signaltap_0|gnd ; post-fitting  ; connected ; sld_signaltap:auto_signaltap_0 ; post-synthesis    ; sld_signaltap:auto_signaltap_0|~GND ; N/A     ;
; auto_signaltap_0|gnd ; post-fitting  ; connected ; sld_signaltap:auto_signaltap_0 ; post-synthesis    ; sld_signaltap:auto_signaltap_0|~GND ; N/A     ;
; auto_signaltap_0|gnd ; post-fitting  ; connected ; sld_signaltap:auto_signaltap_0 ; post-synthesis    ; sld_signaltap:auto_signaltap_0|~GND ; N/A     ;
; auto_signaltap_0|gnd ; post-fitting  ; connected ; sld_signaltap:auto_signaltap_0 ; post-synthesis    ; sld_signaltap:auto_signaltap_0|~GND ; N/A     ;
; auto_signaltap_0|gnd ; post-fitting  ; connected ; sld_signaltap:auto_signaltap_0 ; post-synthesis    ; sld_signaltap:auto_signaltap_0|~GND ; N/A     ;
; auto_signaltap_0|gnd ; post-fitting  ; connected ; sld_signaltap:auto_signaltap_0 ; post-synthesis    ; sld_signaltap:auto_signaltap_0|~GND ; N/A     ;
; auto_signaltap_0|gnd ; post-fitting  ; connected ; sld_signaltap:auto_signaltap_0 ; post-synthesis    ; sld_signaltap:auto_signaltap_0|~GND ; N/A     ;
; auto_signaltap_0|gnd ; post-fitting  ; connected ; sld_signaltap:auto_signaltap_0 ; post-synthesis    ; sld_signaltap:auto_signaltap_0|~GND ; N/A     ;
; auto_signaltap_0|gnd ; post-fitting  ; connected ; sld_signaltap:auto_signaltap_0 ; post-synthesis    ; sld_signaltap:auto_signaltap_0|~GND ; N/A     ;
; auto_signaltap_0|gnd ; post-fitting  ; connected ; sld_signaltap:auto_signaltap_0 ; post-synthesis    ; sld_signaltap:auto_signaltap_0|~GND ; N/A     ;
; auto_signaltap_0|gnd ; post-fitting  ; connected ; sld_signaltap:auto_signaltap_0 ; post-synthesis    ; sld_signaltap:auto_signaltap_0|~GND ; N/A     ;
; auto_signaltap_0|gnd ; post-fitting  ; connected ; sld_signaltap:auto_signaltap_0 ; post-synthesis    ; sld_signaltap:auto_signaltap_0|~GND ; N/A     ;
; auto_signaltap_0|gnd ; post-fitting  ; connected ; sld_signaltap:auto_signaltap_0 ; post-synthesis    ; sld_signaltap:auto_signaltap_0|~GND ; N/A     ;
; auto_signaltap_0|vcc ; post-fitting  ; connected ; sld_signaltap:auto_signaltap_0 ; post-synthesis    ; sld_signaltap:auto_signaltap_0|~VCC ; N/A     ;
; auto_signaltap_0|vcc ; post-fitting  ; connected ; sld_signaltap:auto_signaltap_0 ; post-synthesis    ; sld_signaltap:auto_signaltap_0|~VCC ; N/A     ;
; auto_signaltap_0|vcc ; post-fitting  ; connected ; sld_signaltap:auto_signaltap_0 ; post-synthesis    ; sld_signaltap:auto_signaltap_0|~VCC ; N/A     ;
; auto_signaltap_0|vcc ; post-fitting  ; connected ; sld_signaltap:auto_signaltap_0 ; post-synthesis    ; sld_signaltap:auto_signaltap_0|~VCC ; N/A     ;
; auto_signaltap_0|vcc ; post-fitting  ; connected ; sld_signaltap:auto_signaltap_0 ; post-synthesis    ; sld_signaltap:auto_signaltap_0|~VCC ; N/A     ;
; auto_signaltap_0|vcc ; post-fitting  ; connected ; sld_signaltap:auto_signaltap_0 ; post-synthesis    ; sld_signaltap:auto_signaltap_0|~VCC ; N/A     ;
; auto_signaltap_0|vcc ; post-fitting  ; connected ; sld_signaltap:auto_signaltap_0 ; post-synthesis    ; sld_signaltap:auto_signaltap_0|~VCC ; N/A     ;
; auto_signaltap_0|vcc ; post-fitting  ; connected ; sld_signaltap:auto_signaltap_0 ; post-synthesis    ; sld_signaltap:auto_signaltap_0|~VCC ; N/A     ;
; auto_signaltap_0|vcc ; post-fitting  ; connected ; sld_signaltap:auto_signaltap_0 ; post-synthesis    ; sld_signaltap:auto_signaltap_0|~VCC ; N/A     ;
; auto_signaltap_0|vcc ; post-fitting  ; connected ; sld_signaltap:auto_signaltap_0 ; post-synthesis    ; sld_signaltap:auto_signaltap_0|~VCC ; N/A     ;
; auto_signaltap_0|vcc ; post-fitting  ; connected ; sld_signaltap:auto_signaltap_0 ; post-synthesis    ; sld_signaltap:auto_signaltap_0|~VCC ; N/A     ;
; auto_signaltap_0|vcc ; post-fitting  ; connected ; sld_signaltap:auto_signaltap_0 ; post-synthesis    ; sld_signaltap:auto_signaltap_0|~VCC ; N/A     ;
; auto_signaltap_0|vcc ; post-fitting  ; connected ; sld_signaltap:auto_signaltap_0 ; post-synthesis    ; sld_signaltap:auto_signaltap_0|~VCC ; N/A     ;
; color[0]             ; post-fitting  ; connected ; Top                            ; post-synthesis    ; color[0]                            ; N/A     ;
; color[0]             ; post-fitting  ; connected ; Top                            ; post-synthesis    ; color[0]                            ; N/A     ;
; color[1]             ; post-fitting  ; connected ; Top                            ; post-synthesis    ; color[1]                            ; N/A     ;
; color[1]             ; post-fitting  ; connected ; Top                            ; post-synthesis    ; color[1]                            ; N/A     ;
; color[2]             ; post-fitting  ; connected ; Top                            ; post-synthesis    ; color[2]                            ; N/A     ;
; color[2]             ; post-fitting  ; connected ; Top                            ; post-synthesis    ; color[2]                            ; N/A     ;
; color[3]             ; post-fitting  ; connected ; Top                            ; post-synthesis    ; color[3]                            ; N/A     ;
; color[3]             ; post-fitting  ; connected ; Top                            ; post-synthesis    ; color[3]                            ; N/A     ;
+----------------------+---------------+-----------+--------------------------------+-------------------+-------------------------------------+---------+


+-----------------------------------------------------------------------------------------------------------------------------------------+
; Partition Merge Partition Statistics                                                                                                    ;
+---------------------------------------------+------+------------------+--------------------------------+--------------------------------+
; Statistic                                   ; Top  ; sld_hub:auto_hub ; sld_signaltap:auto_signaltap_0 ; hard_block:auto_generated_inst ;
+---------------------------------------------+------+------------------+--------------------------------+--------------------------------+
; Estimated Total logic elements              ; 426  ; 146              ; 699                            ; 0                              ;
;                                             ;      ;                  ;                                ;                                ;
; Total combinational functions               ; 422  ; 120              ; 381                            ; 0                              ;
; Logic element usage by number of LUT inputs ;      ;                  ;                                ;                                ;
;     -- 4 input functions                    ; 225  ; 51               ; 166                            ; 0                              ;
;     -- 3 input functions                    ; 48   ; 33               ; 110                            ; 0                              ;
;     -- <=2 input functions                  ; 149  ; 36               ; 105                            ; 0                              ;
;                                             ;      ;                  ;                                ;                                ;
; Logic elements by mode                      ;      ;                  ;                                ;                                ;
;     -- normal mode                          ; 316  ; 112              ; 310                            ; 0                              ;
;     -- arithmetic mode                      ; 106  ; 8                ; 71                             ; 0                              ;
;                                             ;      ;                  ;                                ;                                ;
; Total registers                             ; 151  ; 90               ; 556                            ; 0                              ;
;     -- Dedicated logic registers            ; 151  ; 90               ; 556                            ; 0                              ;
;     -- I/O registers                        ; 0    ; 0                ; 0                              ; 0                              ;
;                                             ;      ;                  ;                                ;                                ;
; Virtual pins                                ; 0    ; 0                ; 0                              ; 0                              ;
; I/O pins                                    ; 35   ; 0                ; 0                              ; 0                              ;
; Embedded Multiplier 9-bit elements          ; 0    ; 0                ; 0                              ; 0                              ;
; Total memory bits                           ; 0    ; 0                ; 5632                           ; 0                              ;
; Total RAM block bits                        ; 0    ; 0                ; 0                              ; 0                              ;
; JTAG                                        ; 1    ; 0                ; 0                              ; 0                              ;
;                                             ;      ;                  ;                                ;                                ;
; Connections                                 ;      ;                  ;                                ;                                ;
;     -- Input Connections                    ; 1    ; 133              ; 836                            ; 0                              ;
;     -- Registered Input Connections         ; 0    ; 101              ; 626                            ; 0                              ;
;     -- Output Connections                   ; 772  ; 165              ; 33                             ; 0                              ;
;     -- Registered Output Connections        ; 34   ; 164              ; 0                              ; 0                              ;
;                                             ;      ;                  ;                                ;                                ;
; Internal Connections                        ;      ;                  ;                                ;                                ;
;     -- Total Connections                    ; 2744 ; 829              ; 3407                           ; 0                              ;
;     -- Registered Connections               ; 803  ; 607              ; 2170                           ; 0                              ;
;                                             ;      ;                  ;                                ;                                ;
; External Connections                        ;      ;                  ;                                ;                                ;
;     -- Top                                  ; 0    ; 123              ; 650                            ; 0                              ;
;     -- sld_hub:auto_hub                     ; 123  ; 20               ; 155                            ; 0                              ;
;     -- sld_signaltap:auto_signaltap_0       ; 650  ; 155              ; 64                             ; 0                              ;
;     -- hard_block:auto_generated_inst       ; 0    ; 0                ; 0                              ; 0                              ;
;                                             ;      ;                  ;                                ;                                ;
; Partition Interface                         ;      ;                  ;                                ;                                ;
;     -- Input Ports                          ; 10   ; 21               ; 124                            ; 0                              ;
;     -- Output Ports                         ; 29   ; 39               ; 58                             ; 0                              ;
;     -- Bidir Ports                          ; 0    ; 0                ; 0                              ; 0                              ;
;                                             ;      ;                  ;                                ;                                ;
; Registered Ports                            ;      ;                  ;                                ;                                ;
;     -- Registered Input Ports               ; 0    ; 4                ; 50                             ; 0                              ;
;     -- Registered Output Ports              ; 0    ; 28               ; 45                             ; 0                              ;
;                                             ;      ;                  ;                                ;                                ;
; Port Connectivity                           ;      ;                  ;                                ;                                ;
;     -- Input Ports driven by GND            ; 0    ; 1                ; 19                             ; 0                              ;
;     -- Output Ports driven by GND           ; 0    ; 1                ; 1                              ; 0                              ;
;     -- Input Ports driven by VCC            ; 0    ; 0                ; 13                             ; 0                              ;
;     -- Output Ports driven by VCC           ; 0    ; 0                ; 1                              ; 0                              ;
;     -- Input Ports with no Source           ; 0    ; 1                ; 24                             ; 0                              ;
;     -- Output Ports with no Source          ; 0    ; 0                ; 0                              ; 0                              ;
;     -- Input Ports with no Fanout           ; 0    ; 2                ; 29                             ; 0                              ;
;     -- Output Ports with no Fanout          ; 0    ; 15               ; 47                             ; 0                              ;
+---------------------------------------------+------+------------------+--------------------------------+--------------------------------+
Note: Resource usage numbers presented for Partitions containing post-synthesis logic are estimates.  For Partitions containing post-fit logic, resource usage numbers are accurate based on previous placement information.  Actual Fitter results may vary depending on current Fitter Preservation Level assignments.


+----------------------------------------------------------------------------------------+
; Partition Merge Partition Pin Processing                                               ;
+-----------------------------------+-----------+---------------+----------+-------------+
; Name                              ; Partition ; Type          ; Location ; Status      ;
+-----------------------------------+-----------+---------------+----------+-------------+
; altera_reserved_tck               ; Top       ; Input Port    ; n/a      ;             ;
;     -- altera_reserved_tck        ; Top       ; Input Pad     ; Unplaced ; Synthesized ;
;     -- altera_reserved_tck~input  ; Top       ; Input Buffer  ; Unplaced ; Synthesized ;
;                                   ;           ;               ;          ;             ;
; altera_reserved_tdi               ; Top       ; Input Port    ; n/a      ;             ;
;     -- altera_reserved_tdi        ; Top       ; Input Pad     ; Unplaced ; Synthesized ;
;     -- altera_reserved_tdi~input  ; Top       ; Input Buffer  ; Unplaced ; Synthesized ;
;                                   ;           ;               ;          ;             ;
; altera_reserved_tdo               ; Top       ; Output Port   ; n/a      ;             ;
;     -- altera_reserved_tdo        ; Top       ; Output Pad    ; Unplaced ; Synthesized ;
;     -- altera_reserved_tdo~output ; Top       ; Output Buffer ; Unplaced ; Synthesized ;
;                                   ;           ;               ;          ;             ;
; altera_reserved_tms               ; Top       ; Input Port    ; n/a      ;             ;
;     -- altera_reserved_tms        ; Top       ; Input Pad     ; Unplaced ; Synthesized ;
;     -- altera_reserved_tms~input  ; Top       ; Input Buffer  ; Unplaced ; Synthesized ;
;                                   ;           ;               ;          ;             ;
; clk                               ; Top       ; Input Port    ; n/a      ;             ;
;     -- clk                        ; Top       ; Input Pad     ; Unplaced ; Synthesized ;
;     -- clk~input                  ; Top       ; Input Buffer  ; Unplaced ; Synthesized ;
;                                   ;           ;               ;          ;             ;
; color[0]                          ; Top       ; Input Port    ; n/a      ;             ;
;     -- color[0]                   ; Top       ; Input Pad     ; Unplaced ; Synthesized ;
;     -- color[0]~input             ; Top       ; Input Buffer  ; Unplaced ; Synthesized ;
;                                   ;           ;               ;          ;             ;
; color[1]                          ; Top       ; Input Port    ; n/a      ;             ;
;     -- color[1]                   ; Top       ; Input Pad     ; Unplaced ; Synthesized ;
;     -- color[1]~input             ; Top       ; Input Buffer  ; Unplaced ; Synthesized ;
;                                   ;           ;               ;          ;             ;
; color[2]                          ; Top       ; Input Port    ; n/a      ;             ;
;     -- color[2]                   ; Top       ; Input Pad     ; Unplaced ; Synthesized ;
;     -- color[2]~input             ; Top       ; Input Buffer  ; Unplaced ; Synthesized ;
;                                   ;           ;               ;          ;             ;
; color[3]                          ; Top       ; Input Port    ; n/a      ;             ;
;     -- color[3]                   ; Top       ; Input Pad     ; Unplaced ; Synthesized ;
;     -- color[3]~input             ; Top       ; Input Buffer  ; Unplaced ; Synthesized ;
;                                   ;           ;               ;          ;             ;
; hsync                             ; Top       ; Output Port   ; n/a      ;             ;
;     -- hsync                      ; Top       ; Output Pad    ; Unplaced ; Synthesized ;
;     -- hsync~output               ; Top       ; Output Buffer ; Unplaced ; Synthesized ;
;                                   ;           ;               ;          ;             ;
; rst                               ; Top       ; Input Port    ; n/a      ;             ;
;     -- rst                        ; Top       ; Input Pad     ; Unplaced ; Synthesized ;
;     -- rst~input                  ; Top       ; Input Buffer  ; Unplaced ; Synthesized ;
;                                   ;           ;               ;          ;             ;
; tutorial                          ; Top       ; Input Port    ; n/a      ;             ;
;     -- tutorial                   ; Top       ; Input Pad     ; Unplaced ; Synthesized ;
;     -- tutorial~input             ; Top       ; Input Buffer  ; Unplaced ; Synthesized ;
;                                   ;           ;               ;          ;             ;
; vga_B[0]                          ; Top       ; Output Port   ; n/a      ;             ;
;     -- vga_B[0]                   ; Top       ; Output Pad    ; Unplaced ; Synthesized ;
;     -- vga_B[0]~output            ; Top       ; Output Buffer ; Unplaced ; Synthesized ;
;                                   ;           ;               ;          ;             ;
; vga_B[1]                          ; Top       ; Output Port   ; n/a      ;             ;
;     -- vga_B[1]                   ; Top       ; Output Pad    ; Unplaced ; Synthesized ;
;     -- vga_B[1]~output            ; Top       ; Output Buffer ; Unplaced ; Synthesized ;
;                                   ;           ;               ;          ;             ;
; vga_B[2]                          ; Top       ; Output Port   ; n/a      ;             ;
;     -- vga_B[2]                   ; Top       ; Output Pad    ; Unplaced ; Synthesized ;
;     -- vga_B[2]~output            ; Top       ; Output Buffer ; Unplaced ; Synthesized ;
;                                   ;           ;               ;          ;             ;
; vga_B[3]                          ; Top       ; Output Port   ; n/a      ;             ;
;     -- vga_B[3]                   ; Top       ; Output Pad    ; Unplaced ; Synthesized ;
;     -- vga_B[3]~output            ; Top       ; Output Buffer ; Unplaced ; Synthesized ;
;                                   ;           ;               ;          ;             ;
; vga_B[4]                          ; Top       ; Output Port   ; n/a      ;             ;
;     -- vga_B[4]                   ; Top       ; Output Pad    ; Unplaced ; Synthesized ;
;     -- vga_B[4]~output            ; Top       ; Output Buffer ; Unplaced ; Synthesized ;
;                                   ;           ;               ;          ;             ;
; vga_B[5]                          ; Top       ; Output Port   ; n/a      ;             ;
;     -- vga_B[5]                   ; Top       ; Output Pad    ; Unplaced ; Synthesized ;
;     -- vga_B[5]~output            ; Top       ; Output Buffer ; Unplaced ; Synthesized ;
;                                   ;           ;               ;          ;             ;
; vga_B[6]                          ; Top       ; Output Port   ; n/a      ;             ;
;     -- vga_B[6]                   ; Top       ; Output Pad    ; Unplaced ; Synthesized ;
;     -- vga_B[6]~output            ; Top       ; Output Buffer ; Unplaced ; Synthesized ;
;                                   ;           ;               ;          ;             ;
; vga_B[7]                          ; Top       ; Output Port   ; n/a      ;             ;
;     -- vga_B[7]                   ; Top       ; Output Pad    ; Unplaced ; Synthesized ;
;     -- vga_B[7]~output            ; Top       ; Output Buffer ; Unplaced ; Synthesized ;
;                                   ;           ;               ;          ;             ;
; vga_G[0]                          ; Top       ; Output Port   ; n/a      ;             ;
;     -- vga_G[0]                   ; Top       ; Output Pad    ; Unplaced ; Synthesized ;
;     -- vga_G[0]~output            ; Top       ; Output Buffer ; Unplaced ; Synthesized ;
;                                   ;           ;               ;          ;             ;
; vga_G[1]                          ; Top       ; Output Port   ; n/a      ;             ;
;     -- vga_G[1]                   ; Top       ; Output Pad    ; Unplaced ; Synthesized ;
;     -- vga_G[1]~output            ; Top       ; Output Buffer ; Unplaced ; Synthesized ;
;                                   ;           ;               ;          ;             ;
; vga_G[2]                          ; Top       ; Output Port   ; n/a      ;             ;
;     -- vga_G[2]                   ; Top       ; Output Pad    ; Unplaced ; Synthesized ;
;     -- vga_G[2]~output            ; Top       ; Output Buffer ; Unplaced ; Synthesized ;
;                                   ;           ;               ;          ;             ;
; vga_G[3]                          ; Top       ; Output Port   ; n/a      ;             ;
;     -- vga_G[3]                   ; Top       ; Output Pad    ; Unplaced ; Synthesized ;
;     -- vga_G[3]~output            ; Top       ; Output Buffer ; Unplaced ; Synthesized ;
;                                   ;           ;               ;          ;             ;
; vga_G[4]                          ; Top       ; Output Port   ; n/a      ;             ;
;     -- vga_G[4]                   ; Top       ; Output Pad    ; Unplaced ; Synthesized ;
;     -- vga_G[4]~output            ; Top       ; Output Buffer ; Unplaced ; Synthesized ;
;                                   ;           ;               ;          ;             ;
; vga_G[5]                          ; Top       ; Output Port   ; n/a      ;             ;
;     -- vga_G[5]                   ; Top       ; Output Pad    ; Unplaced ; Synthesized ;
;     -- vga_G[5]~output            ; Top       ; Output Buffer ; Unplaced ; Synthesized ;
;                                   ;           ;               ;          ;             ;
; vga_G[6]                          ; Top       ; Output Port   ; n/a      ;             ;
;     -- vga_G[6]                   ; Top       ; Output Pad    ; Unplaced ; Synthesized ;
;     -- vga_G[6]~output            ; Top       ; Output Buffer ; Unplaced ; Synthesized ;
;                                   ;           ;               ;          ;             ;
; vga_G[7]                          ; Top       ; Output Port   ; n/a      ;             ;
;     -- vga_G[7]                   ; Top       ; Output Pad    ; Unplaced ; Synthesized ;
;     -- vga_G[7]~output            ; Top       ; Output Buffer ; Unplaced ; Synthesized ;
;                                   ;           ;               ;          ;             ;
; vga_R[0]                          ; Top       ; Output Port   ; n/a      ;             ;
;     -- vga_R[0]                   ; Top       ; Output Pad    ; Unplaced ; Synthesized ;
;     -- vga_R[0]~output            ; Top       ; Output Buffer ; Unplaced ; Synthesized ;
;                                   ;           ;               ;          ;             ;
; vga_R[1]                          ; Top       ; Output Port   ; n/a      ;             ;
;     -- vga_R[1]                   ; Top       ; Output Pad    ; Unplaced ; Synthesized ;
;     -- vga_R[1]~output            ; Top       ; Output Buffer ; Unplaced ; Synthesized ;
;                                   ;           ;               ;          ;             ;
; vga_R[2]                          ; Top       ; Output Port   ; n/a      ;             ;
;     -- vga_R[2]                   ; Top       ; Output Pad    ; Unplaced ; Synthesized ;
;     -- vga_R[2]~output            ; Top       ; Output Buffer ; Unplaced ; Synthesized ;
;                                   ;           ;               ;          ;             ;
; vga_R[3]                          ; Top       ; Output Port   ; n/a      ;             ;
;     -- vga_R[3]                   ; Top       ; Output Pad    ; Unplaced ; Synthesized ;
;     -- vga_R[3]~output            ; Top       ; Output Buffer ; Unplaced ; Synthesized ;
;                                   ;           ;               ;          ;             ;
; vga_R[4]                          ; Top       ; Output Port   ; n/a      ;             ;
;     -- vga_R[4]                   ; Top       ; Output Pad    ; Unplaced ; Synthesized ;
;     -- vga_R[4]~output            ; Top       ; Output Buffer ; Unplaced ; Synthesized ;
;                                   ;           ;               ;          ;             ;
; vga_R[5]                          ; Top       ; Output Port   ; n/a      ;             ;
;     -- vga_R[5]                   ; Top       ; Output Pad    ; Unplaced ; Synthesized ;
;     -- vga_R[5]~output            ; Top       ; Output Buffer ; Unplaced ; Synthesized ;
;                                   ;           ;               ;          ;             ;
; vga_R[6]                          ; Top       ; Output Port   ; n/a      ;             ;
;     -- vga_R[6]                   ; Top       ; Output Pad    ; Unplaced ; Synthesized ;
;     -- vga_R[6]~output            ; Top       ; Output Buffer ; Unplaced ; Synthesized ;
;                                   ;           ;               ;          ;             ;
; vga_R[7]                          ; Top       ; Output Port   ; n/a      ;             ;
;     -- vga_R[7]                   ; Top       ; Output Pad    ; Unplaced ; Synthesized ;
;     -- vga_R[7]~output            ; Top       ; Output Buffer ; Unplaced ; Synthesized ;
;                                   ;           ;               ;          ;             ;
; vga_blank                         ; Top       ; Output Port   ; n/a      ;             ;
;     -- vga_blank                  ; Top       ; Output Pad    ; Unplaced ; Synthesized ;
;     -- vga_blank~output           ; Top       ; Output Buffer ; Unplaced ; Synthesized ;
;                                   ;           ;               ;          ;             ;
; vga_clk                           ; Top       ; Output Port   ; n/a      ;             ;
;     -- vga_clk                    ; Top       ; Output Pad    ; Unplaced ; Synthesized ;
;     -- vga_clk~output             ; Top       ; Output Buffer ; Unplaced ; Synthesized ;
;                                   ;           ;               ;          ;             ;
; vsync                             ; Top       ; Output Port   ; n/a      ;             ;
;     -- vsync                      ; Top       ; Output Pad    ; Unplaced ; Synthesized ;
;     -- vsync~output               ; Top       ; Output Buffer ; Unplaced ; Synthesized ;
;                                   ;           ;               ;          ;             ;
+-----------------------------------+-----------+---------------+----------+-------------+


+---------------------------------------------------------+
; Partition Merge Resource Usage Summary                  ;
+---------------------------------------------+-----------+
; Resource                                    ; Usage     ;
+---------------------------------------------+-----------+
; Estimated Total logic elements              ; 1,271     ;
;                                             ;           ;
; Total combinational functions               ; 923       ;
; Logic element usage by number of LUT inputs ;           ;
;     -- 4 input functions                    ; 442       ;
;     -- 3 input functions                    ; 191       ;
;     -- <=2 input functions                  ; 290       ;
;                                             ;           ;
; Logic elements by mode                      ;           ;
;     -- normal mode                          ; 738       ;
;     -- arithmetic mode                      ; 185       ;
;                                             ;           ;
; Total registers                             ; 797       ;
;     -- Dedicated logic registers            ; 797       ;
;     -- I/O registers                        ; 0         ;
;                                             ;           ;
; I/O pins                                    ; 35        ;
; Total memory bits                           ; 5632      ;
; Embedded Multiplier 9-bit elements          ; 0         ;
; Maximum fan-out node                        ; clk~input ;
; Maximum fan-out                             ; 435       ;
; Total fan-out                               ; 6011      ;
; Average fan-out                             ; 3.30      ;
+---------------------------------------------+-----------+


+-----------------------------------------------------------------------------------------------------------------------------------------------------------------------------------------------------------------------------------------------------------------------------------------------------------+
; Partition Merge RAM Summary                                                                                                                                                                                                                                                                               ;
+-------------------------------------------------------------------------------------------------------------------------------------------------------------------------------------------------------+------+------------------+--------------+--------------+--------------+--------------+------+------+
; Name                                                                                                                                                                                                  ; Type ; Mode             ; Port A Depth ; Port A Width ; Port B Depth ; Port B Width ; Size ; MIF  ;
+-------------------------------------------------------------------------------------------------------------------------------------------------------------------------------------------------------+------+------------------+--------------+--------------+--------------+--------------+------+------+
; sld_signaltap:auto_signaltap_0|sld_signaltap_impl:sld_signaltap_body|sld_signaltap_implb:sld_signaltap_body|altsyncram:\stp_non_zero_ram_gen:stp_buffer_ram|altsyncram_au14:auto_generated|ALTSYNCRAM ; AUTO ; Simple Dual Port ; 256          ; 22           ; 256          ; 22           ; 5632 ; None ;
+-------------------------------------------------------------------------------------------------------------------------------------------------------------------------------------------------------+------+------------------+--------------+--------------+--------------+--------------+------+------+


+--------------------------+
; Partition Merge Messages ;
+--------------------------+
Info: *******************************************************************
Info: Running Quartus II 64-Bit Partition Merge
    Info: Version 14.0.0 Build 200 06/17/2014 SJ Web Edition
    Info: Processing started: Fri Dec 11 16:03:24 2015
Info: Command: quartus_cdb --read_settings_files=off --write_settings_files=off vgaInstructable -c vgaInstructable --merge=on
Info (35007): Using synthesis netlist for partition "Top"
Info (35007): Using synthesis netlist for partition "sld_hub:auto_hub"
Info (35007): Using synthesis netlist for partition "sld_signaltap:auto_signaltap_0"
Info (35024): Succesfully connected in-system debug instance "auto_signaltap_0" to all 77 required data inputs, trigger inputs, acquisition clocks, and dynamic pins
Info (35002): Resolved and merged 3 partition(s)
Info (16010): Generating hard_block partition "hard_block:auto_generated_inst"
    Info (16011): Adding 0 node(s), including 0 DDIO, 0 PLL, 0 transceiver and 0 LCELL
Info (21057): Implemented 1350 device resources after synthesis - the final resource count might be different
    Info (21058): Implemented 10 input pins
    Info (21059): Implemented 29 output pins
    Info (21061): Implemented 1288 logic cells
    Info (21064): Implemented 22 RAM segments
Info: Quartus II 64-Bit Partition Merge was successful. 0 errors, 0 warnings
    Info: Peak virtual memory: 538 megabytes
    Info: Processing ended: Fri Dec 11 16:03:27 2015
    Info: Elapsed time: 00:00:03
    Info: Total CPU time (on all processors): 00:00:01


